2020-09-05 21:13:35,362:TYPE group--385389138 BY @n01s38-N0153, ID 237892260 : ну чо молодняк
2020-09-05 21:13:35,423:TYPE group--385389138 BY @n01s38-N0153, ID 237892260 : буду сегодня код писать для бота
2020-09-05 21:13:35,490:TYPE group--385389138 BY @n01s38-N0153, ID 237892260 : надо ему несколько фич прикрутить
2020-09-05 21:13:35,551:TYPE private-237892260 BY @n01s38-N0153, ID 237892260 : /void
2020-09-05 21:13:35,711:TYPE private-237892260 BY @n01s38-N0153, ID 237892260 : /void
2020-09-05 21:13:39,439:TYPE private-237892260 BY @n01s38-N0153, ID 237892260 : /void
2020-09-05 21:13:42,743:TYPE private-237892260 BY @n01s38-N0153, ID 237892260 : /8ball
2020-09-05 21:13:44,395:TYPE private-237892260 BY @n01s38-N0153, ID 237892260 : /save
2020-09-05 21:13:46,410:TYPE private-237892260 BY @n01s38-N0153, ID 237892260 : /showmine
2020-09-05 21:13:48,675:TYPE private-237892260 BY @n01s38-N0153, ID 237892260 : /rules
2020-09-05 21:13:51,421:TYPE private-237892260 BY @n01s38-N0153, ID 237892260 : /feedback
2020-09-05 21:13:57,823:TYPE private-237892260 BY @n01s38-N0153, ID 237892260 : /tome
2020-09-05 21:14:07,805:TYPE private-237892260 BY @n01s38-N0153, ID 237892260 : /list
2020-09-05 21:14:12,579:TYPE private-237892260 BY @n01s38-N0153, ID 237892260 : /join
2020-09-05 21:14:17,134:TYPE private-237892260 BY @n01s38-N0153, ID 237892260 : /leaderboard
2020-09-05 21:14:27,002:TYPE private-237892260 BY @n01s38-N0153, ID 237892260 : /balance
2020-09-05 21:14:30,198:TYPE private-237892260 BY @n01s38-N0153, ID 237892260 : /join red
2020-09-05 21:14:33,556:TYPE private-237892260 BY @n01s38-N0153, ID 237892260 : /leaderboard
2020-09-05 21:15:06,931:TYPE group--385389138 BY @n01s38-N0153, ID 237892260 : бляь лидерборд сломал
2020-09-05 21:15:08,435:TYPE group--385389138 BY @n01s38-N0153, ID 237892260 : сука
2020-09-05 21:16:16,786:TYPE group--385389138 BY @n01s38-N0153, ID 237892260 : ну и похуй пока
2020-09-05 21:17:03,533:TYPE group--385389138 BY @n01s38-N0153, ID 237892260 : кароч я придумал такую хуйню. чтобы не палить токен бота на гитхабе или ещё где - я сделал так, чтобы переменная токена брала данные из командной строки
2020-09-05 21:17:29,132:TYPE group--385389138 BY @n01s38-N0153, ID 237892260 : т.е. теперь для запуска бота нужно написать python3.7 main.py <токен бота без скобок>
2020-09-05 21:18:01,027:TYPE group--385389138 BY @n01s38-N0153, ID 237892260 : вообще давно надо было это сделать, но руки дошли только есйчас. хотя работы там не много мягко говоря
2020-09-05 21:18:09,212:TYPE group--385389138 BY @n01s38-N0153, ID 237892260 : /8ball дуня пельмен?
2020-09-05 21:18:15,997:TYPE group--385389138 BY @n01s38-N0153, ID 237892260 : гаргулья говорит да
2020-09-05 21:20:01,075:TYPE group--385389138 BY @n01s38-N0153, ID 237892260 : /8ball дуня пельмен?
2020-09-05 21:20:23,195:TYPE group--385389138 BY @n01s38-N0153, ID 237892260 : /8ball ты тупой?
2020-09-05 21:20:41,230:TYPE private-237892260 BY @n01s38-N0153, ID 237892260 : /8ball
2020-09-05 21:20:44,132:TYPE private-237892260 BY @n01s38-N0153, ID 237892260 : /8ball
2020-09-05 21:20:45,016:TYPE private-237892260 BY @n01s38-N0153, ID 237892260 : /8ball
2020-09-05 21:20:45,843:TYPE private-237892260 BY @n01s38-N0153, ID 237892260 : /8ball
2020-09-05 21:21:58,927:TYPE private-237892260 BY @n01s38-N0153, ID 237892260 : /8ball
2020-09-05 21:21:59,989:TYPE private-237892260 BY @n01s38-N0153, ID 237892260 : /8ball
2020-09-05 21:22:00,725:TYPE private-237892260 BY @n01s38-N0153, ID 237892260 : /8ball
2020-09-05 21:22:01,321:TYPE private-237892260 BY @n01s38-N0153, ID 237892260 : /8ball
2020-09-05 21:22:02,049:TYPE private-237892260 BY @n01s38-N0153, ID 237892260 : /8ball
2020-09-05 21:22:02,683:TYPE private-237892260 BY @n01s38-N0153, ID 237892260 : /8ball
2020-09-05 21:22:03,331:TYPE private-237892260 BY @n01s38-N0153, ID 237892260 : /8ball
2020-09-05 21:22:03,898:TYPE private-237892260 BY @n01s38-N0153, ID 237892260 : /8ball
2020-09-05 21:22:28,071:TYPE group--385389138 BY @n01s38-N0153, ID 237892260 : /8ball дуня пельмен?
2020-09-05 21:22:30,987:TYPE group--385389138 BY @n01s38-N0153, ID 237892260 : ха
2020-09-05 21:22:37,142:TYPE group--385389138 BY @n01s38-N0153, ID 237892260 : /8ball а куся пельмен?
2020-09-05 21:38:58,552:TYPE private-237892260 BY @n01s38-N0153, ID 237892260 : рудщ
2020-09-05 21:39:03,457:TYPE private-237892260 BY @n01s38-N0153, ID 237892260 : /pat
2020-09-05 21:39:09,784:TYPE private-237892260 BY @n01s38-N0153, ID 237892260 : /pat
2020-09-05 21:40:30,566:TYPE private-237892260 BY @n01s38-N0153, ID 237892260 : /pat
2020-09-05 21:40:49,639:TYPE private-237892260 BY @n01s38-N0153, ID 237892260 : /pat
2020-09-05 21:40:53,121:TYPE private-237892260 BY @n01s38-N0153, ID 237892260 : /pat
2020-09-05 21:41:45,971:TYPE private-237892260 BY @n01s38-N0153, ID 237892260 : /pat
2020-09-05 21:42:26,850:TYPE group--385389138 BY @n01s38-N0153, ID 237892260 : /pat
2020-09-05 21:42:35,852:TYPE group--385389138 BY @n01s38-N0153, ID 237892260 : )0)
2020-09-05 21:42:45,614:TYPE group--385389138 BY @n01s38-N0153, ID 237892260 : /cat
2020-09-05 22:00:58,824:TYPE private-237892260 BY @n01s38-N0153, ID 237892260 : /void
2020-09-05 22:01:00,222:TYPE private-237892260 BY @n01s38-N0153, ID 237892260 : /void
2020-09-05 22:01:01,075:TYPE private-237892260 BY @n01s38-N0153, ID 237892260 : /void
2020-09-05 22:01:01,685:TYPE private-237892260 BY @n01s38-N0153, ID 237892260 : /void
2020-09-05 22:01:02,295:TYPE private-237892260 BY @n01s38-N0153, ID 237892260 : /void
2020-09-05 22:01:02,873:TYPE private-237892260 BY @n01s38-N0153, ID 237892260 : /void
2020-09-05 22:01:03,369:TYPE private-237892260 BY @n01s38-N0153, ID 237892260 : /void
2020-09-05 22:01:03,870:TYPE private-237892260 BY @n01s38-N0153, ID 237892260 : /void
2020-09-05 22:01:04,414:TYPE private-237892260 BY @n01s38-N0153, ID 237892260 : /void
2020-09-05 22:01:04,938:TYPE private-237892260 BY @n01s38-N0153, ID 237892260 : /void
2020-09-05 22:01:05,802:TYPE private-237892260 BY @n01s38-N0153, ID 237892260 : /void
2020-09-05 22:01:06,260:TYPE private-237892260 BY @n01s38-N0153, ID 237892260 : /void
2020-09-05 22:01:06,821:TYPE private-237892260 BY @n01s38-N0153, ID 237892260 : /void
2020-09-05 22:01:07,271:TYPE private-237892260 BY @n01s38-N0153, ID 237892260 : /void
2020-09-05 22:01:07,799:TYPE private-237892260 BY @n01s38-N0153, ID 237892260 : /void
2020-09-05 22:01:08,332:TYPE private-237892260 BY @n01s38-N0153, ID 237892260 : /void
2020-09-05 22:01:08,906:TYPE private-237892260 BY @n01s38-N0153, ID 237892260 : /void
2020-09-05 22:01:09,360:TYPE private-237892260 BY @n01s38-N0153, ID 237892260 : /void
2020-09-05 22:12:29,482:TYPE private-237892260 BY @n01s38-N0153, ID 237892260 : /void
2020-09-05 22:12:38,335:TYPE private-237892260 BY @N0153-N0153, ID 237892260 : /void
2020-09-05 22:15:22,741:TYPE private-237892260 BY @N0153-N0153, ID 237892260 : /void
2020-09-05 22:18:09,843:TYPE group--385389138 BY @N0153-N0153, ID 237892260 : ну вроде починил
2020-09-05 22:18:15,315:TYPE private-237892260 BY @N0153-N0153, ID 237892260 : /pat
2020-09-05 22:18:39,047:TYPE private-237892260 BY @N015-N015, ID 237892260 : /pat
2020-09-05 22:19:16,037:TYPE private-237892260 BY @n01s38-N0153, ID 237892260 : /pat
2020-09-05 22:19:46,737:TYPE group--385389138 BY @n01s38-N0153, ID 237892260 : забавная хуйня: раньше, если у тебя не было юзернейма и ты писал боту в личку - он мог упасть нахуй
2020-09-05 22:19:50,390:TYPE group--385389138 BY @n01s38-N0153, ID 237892260 : )0)0
2020-09-05 22:19:54,289:TYPE group--385389138 BY @n01s38-N0153, ID 237892260 : как-то не заметил
2020-09-05 22:59:19,046:TYPE group--385389138 BY @n01s38-N0153, ID 237892260 : /kick
2020-09-05 23:01:43,531:TYPE group--385389138 BY @n01s38-N0153, ID 237892260 : /swear
2020-09-05 23:02:16,124:TYPE group--385389138 BY @n01s38-N0153, ID 237892260 : /swear
2020-09-05 23:02:33,711:TYPE group--385389138 BY @n01s38-N0153, ID 237892260 : /swear
2020-09-05 23:03:51,772:TYPE group--385389138 BY @n01s38-N0153, ID 237892260 : /angry
2020-09-05 23:16:53,442:TYPE private-237892260 BY @n01s38-N0153, ID 237892260 : /balance
2020-09-05 23:20:53,096:TYPE private-237892260 BY @n01s38-N0153, ID 237892260 : /balance
2020-09-05 23:20:58,188:TYPE private-237892260 BY @n01s38-N0153, ID 237892260 : /leaderboard
2020-09-05 23:21:00,443:TYPE private-237892260 BY @n01s38-N0153, ID 237892260 : /pat
2020-09-05 23:21:03,631:TYPE private-237892260 BY @n01s38-N0153, ID 237892260 : /pat
2020-09-05 23:21:37,141:TYPE private-237892260 BY @n01s38-N0153, ID 237892260 : /pat
2020-09-05 23:21:39,309:TYPE private-237892260 BY @n01s38-N0153, ID 237892260 : /leaderboard
2020-09-06 13:19:42,719:TYPE private-237892260 BY @n01s38-N0153, ID 237892260 : /void
2020-09-06 13:19:45,086:TYPE private-237892260 BY @n01s38-N0153, ID 237892260 : /uptime
2020-09-06 13:19:50,720:TYPE private-237892260 BY @n01s38-N0153, ID 237892260 : /uptime
2020-09-06 13:19:59,317:TYPE private-237892260 BY @n01s38-N0153, ID 237892260 : /pat
2020-09-06 13:36:50,219:TYPE private-237892260 BY @n01s38-N0153, ID 237892260 : /pic
2020-09-06 13:37:04,669:TYPE private-237892260 BY @n01s38-N0153, ID 237892260 : /uptime
2020-09-06 13:58:13,851:TYPE private-237892260 BY @n01s38-N0153, ID 237892260 : /pic
2020-09-06 13:58:19,276:TYPE private-237892260 BY @n01s38-N0153, ID 237892260 : /uptime
2020-09-06 13:58:46,477:TYPE private-237892260 BY @n01s38-N0153, ID 237892260 : /pic
2020-09-06 13:58:48,747:TYPE private-237892260 BY @n01s38-N0153, ID 237892260 : /pic
2020-09-06 14:02:29,264:TYPE private-237892260 BY @n01s38-N0153, ID 237892260 : /pic
2020-09-06 14:02:31,936:TYPE private-237892260 BY @n01s38-N0153, ID 237892260 : /void
2020-09-06 14:02:36,342:TYPE private-237892260 BY @n01s38-N0153, ID 237892260 : /8ball
2020-09-06 14:02:49,568:TYPE private-237892260 BY @n01s38-N0153, ID 237892260 : /8ball should i eat an apple today?
2020-09-06 14:03:19,767:TYPE private-237892260 BY @n01s38-N0153, ID 237892260 : /pic
2020-09-06 14:08:16,420:TYPE private-237892260 BY @n01s38-N0153, ID 237892260 : /pic
2020-09-08 21:19:02,703:TYPE private-237892260 BY @n01s38-N0153, ID 237892260 : /pic
2020-09-08 21:19:06,988:TYPE private-237892260 BY @n01s38-N0153, ID 237892260 : /void
2020-10-21 21:07:35,166:TYPE private-237892260 BY @n01s38-N0153, ID 237892260 : /void
2020-10-21 21:07:39,243:TYPE private-237892260 BY @n01s38-N0153, ID 237892260 : /uptime
2020-10-21 21:07:59,622:TYPE private-237892260 BY @n01s38-N0153, ID 237892260 : /uptime
2020-10-21 21:09:08,108:TYPE group--492136327 BY @n01s38-N0153, ID 237892260 : None
2020-10-21 21:09:11,444:TYPE group--492136327 BY @n01s38-N0153, ID 237892260 : /uptime
2020-10-21 21:09:31,513:TYPE group--492136327 BY @n01s38-N0153, ID 237892260 : /uptime
2020-10-21 21:09:34,511:TYPE group--492136327 BY @n01s38-N0153, ID 237892260 : /uptime
2020-10-21 21:09:37,311:TYPE group--492136327 BY @n01s38-N0153, ID 237892260 : /uptime
2020-10-21 21:09:46,585:TYPE private-237892260 BY @n01s38-N0153, ID 237892260 : /uptime
2020-10-21 21:14:22,238:TYPE private-237892260 BY @n01s38-N0153, ID 237892260 : /uptime
2020-10-21 21:14:25,202:TYPE private-237892260 BY @n01s38-N0153, ID 237892260 : /uptime
2020-10-21 21:20:40,146:TYPE private-237892260 BY @n01s38-N0153, ID 237892260 : /uptime
2020-10-21 21:21:04,804:TYPE private-237892260 BY @n01s38-N0153, ID 237892260 : /uptime
2020-10-21 21:21:09,254:TYPE private-237892260 BY @n01s38-N0153, ID 237892260 : /uptime
2020-10-21 21:21:10,383:TYPE private-237892260 BY @n01s38-N0153, ID 237892260 : /uptime
2020-10-21 21:21:11,511:TYPE private-237892260 BY @n01s38-N0153, ID 237892260 : /uptime
2020-10-21 21:21:22,878:TYPE private-237892260 BY @n01s38-N0153, ID 237892260 : /uptime
2020-10-21 21:21:32,777:TYPE private-237892260 BY @n01s38-N0153, ID 237892260 : /uptime
2020-10-21 21:22:27,454:TYPE private-237892260 BY @n01s38-N0153, ID 237892260 : /uptime
2020-10-21 21:22:30,206:TYPE private-237892260 BY @n01s38-N0153, ID 237892260 : /uptime
2020-10-21 21:22:41,514:TYPE private-237892260 BY @n01s38-N0153, ID 237892260 : /uptime
2020-10-21 21:22:45,623:TYPE private-237892260 BY @n01s38-N0153, ID 237892260 : /uptime
2020-10-21 21:22:47,271:TYPE private-237892260 BY @n01s38-N0153, ID 237892260 : /uptime
2020-10-21 21:22:48,050:TYPE private-237892260 BY @n01s38-N0153, ID 237892260 : /uptime
2020-10-21 21:22:48,633:TYPE private-237892260 BY @n01s38-N0153, ID 237892260 : /uptime
2020-10-21 21:22:49,317:TYPE private-237892260 BY @n01s38-N0153, ID 237892260 : /uptime
2020-10-21 21:22:50,827:TYPE private-237892260 BY @n01s38-N0153, ID 237892260 : /uptime
2020-10-21 21:38:53,181:TYPE private-237892260 BY @n01s38-N0153, ID 237892260 : /uptime
2020-10-21 21:38:57,152:TYPE private-237892260 BY @n01s38-N0153, ID 237892260 : /void
2020-10-21 21:59:01,367:TYPE private-237892260 BY @n01s38-N0153, ID 237892260 : /void
2020-10-21 21:59:01,982:TYPE private-237892260 BY @n01s38-N0153, ID 237892260 : /void
2020-10-21 21:59:02,497:TYPE private-237892260 BY @n01s38-N0153, ID 237892260 : /void
2020-10-21 22:01:43,227:TYPE private-237892260 BY @n01s38-N0153, ID 237892260 : /void
2020-10-21 22:01:43,720:TYPE private-237892260 BY @n01s38-N0153, ID 237892260 : /void
2020-10-21 23:02:11,142:TYPE private-237892260 BY @n01s38-N0153, ID 237892260 : /void
2020-11-26 12:48:02,142:TYPE private-237892260 BY @n01s38-☭N0153☭, ID 237892260 : /void
2020-11-26 12:48:03,042:TYPE private-237892260 BY @n01s38-☭N0153☭, ID 237892260 : /void
2020-11-26 12:48:11,114:TYPE private-237892260 BY @n01s38-☭N0153☭, ID 237892260 : /hug
2020-11-26 12:48:24,774:TYPE private-237892260 BY @n01s38-☭N0153☭, ID 237892260 : /swear
2020-11-26 12:48:31,151:TYPE private-237892260 BY @n01s38-☭N0153☭, ID 237892260 : /swear
2020-11-26 12:48:55,417:TYPE private-237892260 BY @n01s38-☭N0153☭, ID 237892260 : /leaderboard
2020-12-23 22:10:04,370:TYPE private-237892260 BY @n01s38-☭N0153☭, ID 237892260 : /void
2020-12-23 22:10:06,543:TYPE private-237892260 BY @n01s38-☭N0153☭, ID 237892260 : /void
2020-12-23 22:10:08,320:TYPE private-237892260 BY @n01s38-☭N0153☭, ID 237892260 : /void
2020-12-23 22:10:09,223:TYPE private-237892260 BY @n01s38-☭N0153☭, ID 237892260 : /void
2020-12-23 22:10:09,821:TYPE private-237892260 BY @n01s38-☭N0153☭, ID 237892260 : /void
2020-12-23 22:10:10,321:TYPE private-237892260 BY @n01s38-☭N0153☭, ID 237892260 : /void
2020-12-23 22:10:10,827:TYPE private-237892260 BY @n01s38-☭N0153☭, ID 237892260 : /void
2020-12-23 22:10:11,226:TYPE private-237892260 BY @n01s38-☭N0153☭, ID 237892260 : /void
2020-12-23 22:10:11,553:TYPE private-237892260 BY @n01s38-☭N0153☭, ID 237892260 : /void
2020-12-23 22:10:11,897:TYPE private-237892260 BY @n01s38-☭N0153☭, ID 237892260 : /void
2020-12-23 22:10:12,198:TYPE private-237892260 BY @n01s38-☭N0153☭, ID 237892260 : /void
2020-12-23 22:10:12,518:TYPE private-237892260 BY @n01s38-☭N0153☭, ID 237892260 : /void
2020-12-23 22:10:12,827:TYPE private-237892260 BY @n01s38-☭N0153☭, ID 237892260 : /void
2020-12-23 22:10:13,171:TYPE private-237892260 BY @n01s38-☭N0153☭, ID 237892260 : /void
2020-12-23 22:10:13,543:TYPE private-237892260 BY @n01s38-☭N0153☭, ID 237892260 : /void
2020-12-23 22:10:13,796:TYPE private-237892260 BY @n01s38-☭N0153☭, ID 237892260 : /void
2020-12-23 22:10:14,118:TYPE private-237892260 BY @n01s38-☭N0153☭, ID 237892260 : /void
2020-12-23 22:10:14,447:TYPE private-237892260 BY @n01s38-☭N0153☭, ID 237892260 : /void
2020-12-23 22:10:14,734:TYPE private-237892260 BY @n01s38-☭N0153☭, ID 237892260 : /void
2020-12-23 22:10:15,073:TYPE private-237892260 BY @n01s38-☭N0153☭, ID 237892260 : /void
2020-12-23 22:10:15,356:TYPE private-237892260 BY @n01s38-☭N0153☭, ID 237892260 : /void
2020-12-23 22:10:15,671:TYPE private-237892260 BY @n01s38-☭N0153☭, ID 237892260 : /void
2020-12-23 22:10:15,935:TYPE private-237892260 BY @n01s38-☭N0153☭, ID 237892260 : /void
2020-12-23 22:10:16,245:TYPE private-237892260 BY @n01s38-☭N0153☭, ID 237892260 : /void
2020-12-23 22:10:27,008:TYPE private-237892260 BY @n01s38-☭N0153☭, ID 237892260 : /void
2020-12-23 22:10:27,142:TYPE private-237892260 BY @n01s38-☭N0153☭, ID 237892260 : /void
2020-12-23 22:10:27,269:TYPE private-237892260 BY @n01s38-☭N0153☭, ID 237892260 : /void
2020-12-23 22:10:27,396:TYPE private-237892260 BY @n01s38-☭N0153☭, ID 237892260 : /void
2020-12-23 22:10:27,752:TYPE private-237892260 BY @n01s38-☭N0153☭, ID 237892260 : /void
2020-12-23 22:10:27,972:TYPE private-237892260 BY @n01s38-☭N0153☭, ID 237892260 : /void
2020-12-23 22:10:28,082:TYPE private-237892260 BY @n01s38-☭N0153☭, ID 237892260 : /void
2020-12-23 22:10:28,222:TYPE private-237892260 BY @n01s38-☭N0153☭, ID 237892260 : /void
2020-12-23 22:10:28,372:TYPE private-237892260 BY @n01s38-☭N0153☭, ID 237892260 : /void
2020-12-23 22:10:28,530:TYPE private-237892260 BY @n01s38-☭N0153☭, ID 237892260 : /void
2020-12-23 22:10:45,841:TYPE private-237892260 BY @n01s38-☭N0153☭, ID 237892260 : /void
2020-12-23 22:10:45,976:TYPE private-237892260 BY @n01s38-☭N0153☭, ID 237892260 : /void
2020-12-23 22:10:46,101:TYPE private-237892260 BY @n01s38-☭N0153☭, ID 237892260 : /void
2020-12-23 22:10:46,234:TYPE private-237892260 BY @n01s38-☭N0153☭, ID 237892260 : /void
2020-12-23 22:10:46,370:TYPE private-237892260 BY @n01s38-☭N0153☭, ID 237892260 : /void
2020-12-23 22:10:46,507:TYPE private-237892260 BY @n01s38-☭N0153☭, ID 237892260 : /void
2020-12-23 22:10:46,640:TYPE private-237892260 BY @n01s38-☭N0153☭, ID 237892260 : /void
2020-12-23 22:10:46,758:TYPE private-237892260 BY @n01s38-☭N0153☭, ID 237892260 : /void
2020-12-23 22:10:46,914:TYPE private-237892260 BY @n01s38-☭N0153☭, ID 237892260 : /void
2020-12-23 22:10:47,057:TYPE private-237892260 BY @n01s38-☭N0153☭, ID 237892260 : /void
2020-12-23 22:10:47,191:TYPE private-237892260 BY @n01s38-☭N0153☭, ID 237892260 : /void
2020-12-23 22:10:47,316:TYPE private-237892260 BY @n01s38-☭N0153☭, ID 237892260 : /void
2020-12-23 22:10:47,441:TYPE private-237892260 BY @n01s38-☭N0153☭, ID 237892260 : /void
2020-12-23 22:10:47,574:TYPE private-237892260 BY @n01s38-☭N0153☭, ID 237892260 : /void
2020-12-23 22:10:47,703:TYPE private-237892260 BY @n01s38-☭N0153☭, ID 237892260 : /void
2020-12-23 22:10:47,828:TYPE private-237892260 BY @n01s38-☭N0153☭, ID 237892260 : /void
2020-12-23 22:10:47,966:TYPE private-237892260 BY @n01s38-☭N0153☭, ID 237892260 : /void
2020-12-23 22:10:48,100:TYPE private-237892260 BY @n01s38-☭N0153☭, ID 237892260 : /void
2020-12-23 22:10:48,235:TYPE private-237892260 BY @n01s38-☭N0153☭, ID 237892260 : /void
2020-12-23 22:10:48,442:TYPE private-237892260 BY @n01s38-☭N0153☭, ID 237892260 : /void
2020-12-23 22:11:00,590:TYPE private-237892260 BY @n01s38-☭N0153☭, ID 237892260 : /void
2020-12-23 22:11:00,720:TYPE private-237892260 BY @n01s38-☭N0153☭, ID 237892260 : /void
2020-12-23 22:11:00,856:TYPE private-237892260 BY @n01s38-☭N0153☭, ID 237892260 : /void
2020-12-23 22:11:01,013:TYPE private-237892260 BY @n01s38-☭N0153☭, ID 237892260 : /void
2020-12-23 22:11:01,140:TYPE private-237892260 BY @n01s38-☭N0153☭, ID 237892260 : /void
2020-12-23 22:11:01,281:TYPE private-237892260 BY @n01s38-☭N0153☭, ID 237892260 : /void
2020-12-23 22:11:01,422:TYPE private-237892260 BY @n01s38-☭N0153☭, ID 237892260 : /void
2020-12-23 22:11:01,567:TYPE private-237892260 BY @n01s38-☭N0153☭, ID 237892260 : /void
2020-12-23 22:11:01,717:TYPE private-237892260 BY @n01s38-☭N0153☭, ID 237892260 : /void
2020-12-23 22:11:01,907:TYPE private-237892260 BY @n01s38-☭N0153☭, ID 237892260 : /void
2020-12-23 22:11:02,108:TYPE private-237892260 BY @n01s38-☭N0153☭, ID 237892260 : /void
2020-12-23 22:11:02,266:TYPE private-237892260 BY @n01s38-☭N0153☭, ID 237892260 : /void
2020-12-23 22:11:02,409:TYPE private-237892260 BY @n01s38-☭N0153☭, ID 237892260 : /void
2020-12-23 22:11:02,567:TYPE private-237892260 BY @n01s38-☭N0153☭, ID 237892260 : /void
2020-12-23 22:11:02,756:TYPE private-237892260 BY @n01s38-☭N0153☭, ID 237892260 : /void
2020-12-23 22:11:02,941:TYPE private-237892260 BY @n01s38-☭N0153☭, ID 237892260 : /void
2020-12-23 22:11:03,122:TYPE private-237892260 BY @n01s38-☭N0153☭, ID 237892260 : /void
2020-12-23 22:11:03,315:TYPE private-237892260 BY @n01s38-☭N0153☭, ID 237892260 : /void
2020-12-23 22:11:03,483:TYPE private-237892260 BY @n01s38-☭N0153☭, ID 237892260 : /void
2020-12-23 22:11:03,631:TYPE private-237892260 BY @n01s38-☭N0153☭, ID 237892260 : /void
2020-12-23 22:11:03,767:TYPE private-237892260 BY @n01s38-☭N0153☭, ID 237892260 : /void
2020-12-23 22:11:03,900:TYPE private-237892260 BY @n01s38-☭N0153☭, ID 237892260 : /void
2020-12-23 22:11:04,022:TYPE private-237892260 BY @n01s38-☭N0153☭, ID 237892260 : /void
2020-12-23 22:11:04,151:TYPE private-237892260 BY @n01s38-☭N0153☭, ID 237892260 : /void
2020-12-23 22:11:04,281:TYPE private-237892260 BY @n01s38-☭N0153☭, ID 237892260 : /void
2020-12-23 22:11:04,413:TYPE private-237892260 BY @n01s38-☭N0153☭, ID 237892260 : /void
2020-12-23 22:11:04,542:TYPE private-237892260 BY @n01s38-☭N0153☭, ID 237892260 : /void
2020-12-23 22:11:04,673:TYPE private-237892260 BY @n01s38-☭N0153☭, ID 237892260 : /void
2020-12-23 22:11:04,803:TYPE private-237892260 BY @n01s38-☭N0153☭, ID 237892260 : /void
2020-12-23 22:11:04,934:TYPE private-237892260 BY @n01s38-☭N0153☭, ID 237892260 : /void
2020-12-23 23:02:51,001:TYPE private-237892260 BY @n01s38-☭N0153☭, ID 237892260 : /void
2020-12-23 23:02:55,242:TYPE private-237892260 BY @n01s38-☭N0153☭, ID 237892260 : /leaderboard
2020-12-23 23:07:21,844:TYPE private-237892260 BY @n01s38-☭N0153☭, ID 237892260 : /show_me_products
2020-12-23 23:07:40,511:TYPE private-237892260 BY @n01s38-☭N0153☭, ID 237892260 : /show_me_products
2020-12-23 23:07:45,431:TYPE private-237892260 BY @n01s38-☭N0153☭, ID 237892260 : /show_me_products
2020-12-23 23:08:55,677:TYPE private-237892260 BY @n01s38-☭N0153☭, ID 237892260 : /show_me_products
2020-12-23 23:10:54,122:TYPE private-237892260 BY @n01s38-☭N0153☭, ID 237892260 : /show_me_products
2020-12-23 23:11:05,916:TYPE private-237892260 BY @n01s38-☭N0153☭, ID 237892260 : /show_me_products
2020-12-23 23:11:26,245:TYPE private-237892260 BY @n01s38-☭N0153☭, ID 237892260 : /show_me_products
2020-12-23 23:12:34,289:TYPE private-237892260 BY @n01s38-☭N0153☭, ID 237892260 : /show_me_products
2020-12-23 23:12:48,278:TYPE private-237892260 BY @n01s38-☭N0153☭, ID 237892260 : /show_me_products
2020-12-23 23:12:57,108:TYPE private-237892260 BY @n01s38-☭N0153☭, ID 237892260 : /show_me_products
2020-12-23 23:19:44,829:TYPE private-237892260 BY @n01s38-☭N0153☭, ID 237892260 : /show_me_products
2020-12-23 23:20:29,485:TYPE private-237892260 BY @n01s38-☭N0153☭, ID 237892260 : /show_me_products
2020-12-23 23:21:13,742:TYPE private-237892260 BY @n01s38-☭N0153☭, ID 237892260 : /show_me_products
2020-12-23 23:21:52,985:TYPE private-237892260 BY @n01s38-☭N0153☭, ID 237892260 : /show_me_products
2020-12-23 23:23:02,100:TYPE private-237892260 BY @n01s38-☭N0153☭, ID 237892260 : /show_me_products
2020-12-23 23:24:17,983:TYPE private-237892260 BY @n01s38-☭N0153☭, ID 237892260 : /show_me_products
2020-12-23 23:24:32,694:TYPE private-237892260 BY @n01s38-☭N0153☭, ID 237892260 : /show_me_products
2020-12-23 23:27:47,198:TYPE private-237892260 BY @n01s38-☭N0153☭, ID 237892260 : /show_me_products
2020-12-24 00:44:30,600:TYPE private-237892260 BY @n01s38-☭N0153☭, ID 237892260 : /show_me_notes
2020-12-24 00:44:36,409:TYPE private-237892260 BY @n01s38-☭N0153☭, ID 237892260 : /show_me_products
2020-12-24 00:44:47,557:TYPE private-237892260 BY @n01s38-☭N0153☭, ID 237892260 : /show_me_civ
2020-12-24 00:45:10,361:TYPE private-237892260 BY @n01s38-☭N0153☭, ID 237892260 : /show_me_curr
2020-12-24 00:46:32,977:TYPE private-237892260 BY @n01s38-☭N0153☭, ID 237892260 : /showmeciv
2020-12-24 00:46:43,531:TYPE private-237892260 BY @n01s38-☭N0153☭, ID 237892260 : /showmeciv
2020-12-24 00:46:47,376:TYPE private-237892260 BY @n01s38-☭N0153☭, ID 237892260 : /showmecurr
2020-12-24 00:47:11,181:TYPE private-237892260 BY @n01s38-☭N0153☭, ID 237892260 : /showmecurr
2020-12-24 00:47:15,570:TYPE private-237892260 BY @n01s38-☭N0153☭, ID 237892260 : /showmenotes
2020-12-24 00:47:21,770:TYPE private-237892260 BY @n01s38-☭N0153☭, ID 237892260 : /showmenotes
2020-12-24 00:49:01,764:TYPE private-237892260 BY @n01s38-☭N0153☭, ID 237892260 : /show_mine
2020-12-24 00:49:04,684:TYPE private-237892260 BY @n01s38-☭N0153☭, ID 237892260 : /showmine
2020-12-24 00:54:56,665:TYPE private-237892260 BY @n01s38-☭N0153☭, ID 237892260 : /showmenotes
2020-12-24 00:55:15,559:TYPE private-237892260 BY @n01s38-☭N0153☭, ID 237892260 : /showmenotes
2020-12-24 01:15:24,333:TYPE private-237892260 BY @n01s38-☭N0153☭, ID 237892260 : /showmenotes
2020-12-24 01:15:58,707:TYPE private-237892260 BY @n01s38-☭N0153☭, ID 237892260 : /showmenotes
2020-12-24 01:23:58,715:TYPE private-237892260 BY @n01s38-☭N0153☭, ID 237892260 : /showmenotes
2020-12-24 01:25:13,849:TYPE private-237892260 BY @n01s38-☭N0153☭, ID 237892260 : /showmenotes
2020-12-24 01:27:35,736:TYPE private-237892260 BY @n01s38-☭N0153☭, ID 237892260 : /showmenotes
2020-12-24 01:29:29,596:TYPE private-237892260 BY @n01s38-☭N0153☭, ID 237892260 : /showmenotes
2020-12-24 01:30:44,473:TYPE private-237892260 BY @n01s38-☭N0153☭, ID 237892260 : /showmenotes
2020-12-24 01:31:12,861:TYPE private-237892260 BY @n01s38-☭N0153☭, ID 237892260 : /showmenotes
2020-12-24 01:33:12,957:TYPE private-237892260 BY @n01s38-☭N0153☭, ID 237892260 : /showmine
2020-12-24 01:34:54,501:TYPE private-237892260 BY @n01s38-☭N0153☭, ID 237892260 : /showmine
2020-12-24 01:35:12,084:TYPE private-237892260 BY @n01s38-☭N0153☭, ID 237892260 : /showmenotes
2020-12-24 01:36:24,709:TYPE private-237892260 BY @n01s38-☭N0153☭, ID 237892260 : /showmenotes
2020-12-24 01:40:01,035:TYPE private-237892260 BY @n01s38-☭N0153☭, ID 237892260 : /showmenotes
2020-12-24 01:41:15,521:TYPE private-237892260 BY @n01s38-☭N0153☭, ID 237892260 : /showmenotes
2020-12-24 01:42:22,305:TYPE private-237892260 BY @n01s38-☭N0153☭, ID 237892260 : /showmenotes
2020-12-24 01:48:55,699:TYPE private-237892260 BY @n01s38-☭N0153☭, ID 237892260 : /showmenotes
2020-12-24 01:49:07,350:TYPE private-237892260 BY @n01s38-☭N0153☭, ID 237892260 : /showmenotes
